\BOOKMARK [1][-]{section.1}{\376\377\000i\000n\000t\000r\000o\000d\000u\000c\000t\000i\000o\000n\000n\000o\000t\000e\000s}{}% 1
\BOOKMARK [1][-]{section.2}{\376\377\000t\000o\000p\000i\000c\000s}{}% 2
\BOOKMARK [2][-]{subsection.2.1}{\376\377\000m\000o\000d\000e\000r\000n\000\040\000p\000h\000i\000l\000o\000s\000o\000p\000h\000y\000b\000o\000o\000k}{section.2}% 3
\BOOKMARK [2][-]{subsection.2.2}{\376\377\000w\000o\000r\000l\000d\000\040\000o\000f\000\040\000c\000h\000e\000m\000i\000s\000t\000r\000y\000b\000o\000o\000k}{section.2}% 4
\BOOKMARK [2][-]{subsection.2.3}{\376\377\000c\000h\000e\000m\000i\000s\000t\000r\000y\000s\000c\000i\000e\000n\000c\000e\000:\000t\000e\000a\000c\000h\000i\000n\000g}{section.2}% 5
\BOOKMARK [3][-]{subsubsection.2.3.1}{\376\377\0002\000.\0001\0002}{subsection.2.3}% 6
\BOOKMARK [2][-]{subsection.2.4}{\376\377\000e\000d\000u\000c\000a\000t\000i\000o\000n\000e\000d\000u\000c\000a\000t\000i\000o\000n}{section.2}% 7
\BOOKMARK [2][-]{subsection.2.5}{\376\377\000e\000l\000i\000s\000p\000e\000m\000a\000c\000s}{section.2}% 8
\BOOKMARK [3][-]{subsubsection.2.5.1}{\376\377\000i\000n\000t\000r\000o\000\040\000t\000o\000\040\000e\000m\000a\000c\000s}{subsection.2.5}% 9
\BOOKMARK [2][-]{subsection.2.6}{\376\377\000h\000a\000s\000k\000e\000l\000l\000c\000o\000d\000i\000n\000g}{section.2}% 10
\BOOKMARK [2][-]{subsection.2.7}{\376\377\000H\000o\000w\000\040\000t\000o\000\040\000T\000a\000k\000e\000\040\000S\000m\000a\000r\000t\000\040\000N\000o\000t\000e\000s\000b\000o\000o\000k}{section.2}% 11
\BOOKMARK [3][-]{subsubsection.2.7.1}{\376\377\000e\000v\000e\000r\000y\000t\000h\000i\000n\000g\000\040\000y\000o\000u\000\040\000n\000e\000e\000d\000\040\000t\000o\000\040\000k\000n\000o\000w}{subsection.2.7}% 12
\BOOKMARK [3][-]{subsubsection.2.7.2}{\376\377\000e\000v\000e\000r\000y\000t\000h\000i\000n\000g\000\040\000y\000o\000u\000\040\000n\000e\000e\000d\000\040\000t\000o\000\040\000d\000o}{subsection.2.7}% 13
\BOOKMARK [3][-]{subsubsection.2.7.3}{\376\377\000e\000v\000e\000r\000y\000t\000h\000i\000n\000g\000\040\000y\000o\000u\000\040\000n\000e\000e\000d\000\040\000t\000o\000\040\000h\000a\000v\000e}{subsection.2.7}% 14
\BOOKMARK [3][-]{subsubsection.2.7.4}{\376\377\000a\000\040\000f\000e\000w\000\040\000t\000h\000i\000n\000g\000s\000\040\000t\000o\000\040\000k\000e\000e\000p\000\040\000i\000n\000\040\000m\000i\000n\000d}{subsection.2.7}% 15
\BOOKMARK [3][-]{subsubsection.2.7.5}{\376\377\000w\000r\000i\000t\000i\000n\000g\000\040\000i\000s\000\040\000t\000h\000e\000\040\000o\000n\000l\000y\000\040\000t\000h\000i\000n\000g\000\040\000t\000h\000a\000t\000\040\000m\000a\000t\000t\000e\000r\000s}{subsection.2.7}% 16
\BOOKMARK [3][-]{subsubsection.2.7.6}{\376\377\000s\000i\000m\000p\000l\000i\000c\000i\000t\000y\000\040\000i\000s\000\040\000p\000a\000r\000a\000m\000o\000u\000n\000t}{subsection.2.7}% 17
\BOOKMARK [3][-]{subsubsection.2.7.7}{\376\377\000n\000o\000b\000o\000d\000y\000\040\000s\000t\000a\000r\000t\000s\000\040\000f\000r\000o\000m\000\040\000s\000c\000r\000a\000t\000c\000h}{subsection.2.7}% 18
\BOOKMARK [3][-]{subsubsection.2.7.8}{\376\377\000l\000e\000t\000\040\000t\000h\000e\000\040\000w\000o\000r\000k\000\040\000c\000a\000r\000r\000y\000\040\000y\000o\000u\000\040\000f\000o\000r\000w\000a\000r\000d}{subsection.2.7}% 19
\BOOKMARK [3][-]{subsubsection.2.7.9}{\376\377\000s\000e\000p\000a\000r\000a\000t\000e\000\040\000a\000n\000d\000\040\000i\000n\000t\000e\000r\000l\000o\000c\000k\000i\000n\000g\000\040\000t\000a\000s\000k\000s}{subsection.2.7}% 20
\BOOKMARK [3][-]{subsubsection.2.7.10}{\376\377\000r\000e\000a\000d\000\040\000f\000o\000r\000\040\000u\000n\000d\000e\000r\000s\000t\000a\000n\000d\000i\000n\000g}{subsection.2.7}% 21
\BOOKMARK [3][-]{subsubsection.2.7.11}{\376\377\000t\000a\000k\000e\000\040\000s\000m\000a\000r\000t\000\040\000n\000o\000t\000e\000s}{subsection.2.7}% 22
\BOOKMARK [3][-]{subsubsection.2.7.12}{\376\377\000d\000e\000v\000e\000l\000o\000p\000\040\000i\000d\000e\000a\000s}{subsection.2.7}% 23
\BOOKMARK [3][-]{subsubsection.2.7.13}{\376\377\000s\000h\000a\000r\000e\000\040\000y\000o\000u\000r\000\040\000i\000n\000s\000i\000g\000h\000t}{subsection.2.7}% 24
\BOOKMARK [3][-]{subsubsection.2.7.14}{\376\377\000m\000a\000k\000e\000\040\000i\000t\000\040\000a\000\040\000h\000a\000b\000i\000t}{subsection.2.7}% 25
\BOOKMARK [3][-]{subsubsection.2.7.15}{\376\377\000a\000p\000p}{subsection.2.7}% 26
\BOOKMARK [2][-]{subsection.2.8}{\376\377\000o\000r\000g\000-\000m\000o\000d\000e\000e\000m\000a\000c\000s}{section.2}% 27
\BOOKMARK [3][-]{subsubsection.2.8.1}{\376\377\000t\000h\000e\000\040\000o\000r\000g\000\040\000m\000a\000n\000u\000a\000l}{subsection.2.8}% 28
\BOOKMARK [2][-]{subsection.2.9}{\376\377\000p\000h\000y\000s\000i\000c\000s\000s\000c\000i\000e\000n\000c\000e\000:\000t\000e\000a\000c\000h\000i\000n\000g}{section.2}% 29
\BOOKMARK [2][-]{subsection.2.10}{\376\377\000q\000u\000o\000t\000e\000s\000r\000e\000a\000d\000i\000n\000g}{section.2}% 30
\BOOKMARK [3][-]{subsubsection.2.10.1}{\376\377\000J\000e\000s\000s\000e\000\040\000O\000w\000e\000n\000s}{subsection.2.10}% 31
\BOOKMARK [3][-]{subsubsection.2.10.2}{\376\377\000N\000i\000k\000l\000a\000s\000\040\000L\000u\000h\000m\000a\000n\000n}{subsection.2.10}% 32
\BOOKMARK [2][-]{subsection.2.11}{\376\377\000s\000c\000i\000e\000n\000c\000e\000s\000c\000i\000e\000n\000c\000e}{section.2}% 33
\BOOKMARK [2][-]{subsection.2.12}{\376\377\000t\000e\000a\000c\000h\000i\000n\000g\000t\000e\000a\000c\000h\000i\000n\000g}{section.2}% 34
\BOOKMARK [2][-]{subsection.2.13}{\376\377\000T\000h\000e\000\040\000M\000a\000t\000h\000\040\000o\000f\000\040\000L\000i\000f\000e\000\040\000a\000n\000d\000\040\000D\000e\000a\000t\000h\000b\000o\000o\000k}{section.2}% 35
\BOOKMARK [2][-]{subsection.2.14}{\376\377\000z\000e\000t\000t\000e\000l\000k\000a\000s\000t\000e\000n\000n\000o\000t\000e\000s}{section.2}% 36
